<?xml version="1.0" encoding="UTF-8"?>
<!-- Generated by org.testng.reporters.JUnitXMLReporter -->
<testsuite ignored="3" hostname="DESKTOP-4DS910L" failures="0" tests="1" name="chrometest" time="20.11" errors="0" timestamp="2025-01-06T21:19:08 IST">
  <testcase classname="testscript.LoginTest" name="verifyTheUserUnableToLoginUsingInvalidPassword" time="7.641"/>
  <testcase classname="testscript.LoginTest" name="verifyTheUserUnableToLoginUsingInvalidUsernameAndPassword" time="0.0">
    <ignored/>
  </testcase> <!-- verifyTheUserUnableToLoginUsingInvalidUsernameAndPassword -->
  <testcase classname="testscript.LoginTest" name="verifyTheUserIsAbleToLoginUsingValidCredentials" time="0.0">
    <ignored/>
  </testcase> <!-- verifyTheUserIsAbleToLoginUsingValidCredentials -->
  <testcase classname="testscript.LoginTest" name="verifyTheUserUnableToLoginUsingInvalidUserName" time="0.0">
    <ignored/>
  </testcase> <!-- verifyTheUserUnableToLoginUsingInvalidUserName -->
</testsuite> <!-- chrometest -->
