<?xml version="1.0" encoding="UTF-8"?>
<!-- Generated by org.testng.reporters.JUnitXMLReporter -->
<testsuite ignored="0" hostname="DESKTOP-4DS910L" failures="0" tests="3" name="Test" time="35.542" errors="0" timestamp="2025-01-25T22:06:10 IST">
  <testcase classname="testscript.AdminUsersTest" name="VerfiyIfAnyUserCanBeDeletedFromTheAdminUsersPage" time="5.519"/>
  <testcase classname="testscript.AdminUsersTest" name="verfiyIfNewUserIsCreatedInTheAdminUsersPage" time="5.749"/>
  <testcase classname="testscript.ManageNewsTest" name="verifyToCreateNewsInManageNewsPage" time="4.368"/>
</testsuite> <!-- Test -->
