<?xml version="1.0" encoding="UTF-8"?>
<!-- Generated by org.testng.reporters.JUnitXMLReporter -->
<testsuite ignored="3" hostname="DESKTOP-4DS910L" failures="0" tests="1" name="Test" time="7.124" errors="0" timestamp="2025-01-24T21:56:31 IST">
  <testcase classname="testscript.LoginTest" name="verifyTheUserIsAbleToLoginUsingValidCredentials" time="2.513"/>
  <testcase classname="testscript.LoginTest" name="verifyTheUserUnableToLoginUsingInvalidPassword" time="0.0">
    <ignored/>
  </testcase> <!-- verifyTheUserUnableToLoginUsingInvalidPassword -->
  <testcase classname="testscript.LoginTest" name="verifyTheUserUnableToLoginUsingInvalidUserName" time="0.0">
    <ignored/>
  </testcase> <!-- verifyTheUserUnableToLoginUsingInvalidUserName -->
  <testcase classname="testscript.LoginTest" name="verifyTheUserUnableToLoginUsingInvalidUsernameAndPassword" time="0.0">
    <ignored/>
  </testcase> <!-- verifyTheUserUnableToLoginUsingInvalidUsernameAndPassword -->
</testsuite> <!-- Test -->
