<?xml version="1.0" encoding="UTF-8"?>
<testng-results ignored="0" total="1" passed="1" failed="0" skipped="0">
  <reporter-output>
  </reporter-output>
  <suite started-at="2025-01-16T21:23:35 IST" name="Suite" finished-at="2025-01-16T21:23:47 IST" duration-ms="12574">
    <groups>
    </groups>
    <test started-at="2025-01-16T21:23:35 IST" name="Test" finished-at="2025-01-16T21:23:47 IST" duration-ms="12574">
      <class name="testscript.LoginTest">
        <test-method is-config="true" signature="initializebrowser(java.lang.String)[pri:0, instance:testscript.LoginTest@7674f035]" started-at="2025-01-16T21:23:35 IST" name="initializebrowser" finished-at="2025-01-16T21:23:43 IST" duration-ms="7572" status="PASS">
          <params>
            <param index="0">
              <value>
                <![CDATA[chrome]]>
              </value>
            </param>
          </params>
          <reporter-output>
          </reporter-output>
        </test-method> <!-- initializebrowser -->
        <test-method signature="verifyTheUserUnableToLoginUsingInvalidPassword()[pri:0, instance:testscript.LoginTest@7674f035]" started-at="2025-01-16T21:23:43 IST" name="verifyTheUserUnableToLoginUsingInvalidPassword" description="test case to verfiy if user cannot login using invalid password" finished-at="2025-01-16T21:23:46 IST" duration-ms="3713" status="PASS">
          <reporter-output>
          </reporter-output>
        </test-method> <!-- verifyTheUserUnableToLoginUsingInvalidPassword -->
        <test-method is-config="true" signature="browserQuit(org.testng.ITestResult)[pri:0, instance:testscript.LoginTest@7674f035]" started-at="2025-01-16T21:23:46 IST" name="browserQuit" finished-at="2025-01-16T21:23:47 IST" duration-ms="942" status="PASS">
          <params>
            <param index="0">
              <value>
                <![CDATA[[TestResult name=verifyTheUserUnableToLoginUsingInvalidPassword status=SUCCESS method=LoginTest.verifyTheUserUnableToLoginUsingInvalidPassword()[pri:0, instance:testscript.LoginTest@7674f035] output={null}]]]>
              </value>
            </param>
          </params>
          <reporter-output>
          </reporter-output>
        </test-method> <!-- browserQuit -->
      </class> <!-- testscript.LoginTest -->
    </test> <!-- Test -->
  </suite> <!-- Suite -->
</testng-results>
