<?xml version="1.0" encoding="UTF-8"?>
<testng-results ignored="0" total="3" passed="3" failed="0" skipped="0">
  <reporter-output>
  </reporter-output>
  <suite started-at="2025-01-25T22:09:32 IST" name="Suite" finished-at="2025-01-25T22:09:58 IST" duration-ms="26038">
    <groups>
    </groups>
    <test started-at="2025-01-25T22:09:32 IST" name="Test" finished-at="2025-01-25T22:09:58 IST" duration-ms="26038">
      <class name="testscript.ManageNewsTest">
        <test-method is-config="true" signature="initializebrowser(java.lang.String)[pri:0, instance:testscript.ManageNewsTest@4be29ed9]" started-at="2025-01-25T22:09:50 IST" name="initializebrowser" finished-at="2025-01-25T22:09:53 IST" duration-ms="2947" status="PASS">
          <params>
            <param index="0">
              <value>
                <![CDATA[chrome]]>
              </value>
            </param>
          </params>
          <reporter-output>
          </reporter-output>
        </test-method> <!-- initializebrowser -->
        <test-method signature="verifyToCreateNewsInManageNewsPage()[pri:0, instance:testscript.ManageNewsTest@4be29ed9]" started-at="2025-01-25T22:09:53 IST" name="verifyToCreateNewsInManageNewsPage" description="test case to verify if a news can be created in manage news page" finished-at="2025-01-25T22:09:58 IST" duration-ms="4622" status="PASS">
          <reporter-output>
          </reporter-output>
        </test-method> <!-- verifyToCreateNewsInManageNewsPage -->
        <test-method is-config="true" signature="browserQuit(org.testng.ITestResult)[pri:0, instance:testscript.ManageNewsTest@4be29ed9]" started-at="2025-01-25T22:09:58 IST" name="browserQuit" finished-at="2025-01-25T22:09:58 IST" duration-ms="479" status="PASS">
          <params>
            <param index="0">
              <value>
                <![CDATA[[TestResult name=verifyToCreateNewsInManageNewsPage status=SUCCESS method=ManageNewsTest.verifyToCreateNewsInManageNewsPage()[pri:0, instance:testscript.ManageNewsTest@4be29ed9] output={null}]]]>
              </value>
            </param>
          </params>
          <reporter-output>
          </reporter-output>
        </test-method> <!-- browserQuit -->
      </class> <!-- testscript.ManageNewsTest -->
      <class name="testscript.AdminUsersTest">
        <test-method is-config="true" signature="initializebrowser(java.lang.String)[pri:0, instance:testscript.AdminUsersTest@7d0b7e3c]" started-at="2025-01-25T22:09:32 IST" name="initializebrowser" finished-at="2025-01-25T22:09:36 IST" duration-ms="3932" status="PASS">
          <params>
            <param index="0">
              <value>
                <![CDATA[chrome]]>
              </value>
            </param>
          </params>
          <reporter-output>
          </reporter-output>
        </test-method> <!-- initializebrowser -->
        <test-method signature="VerfiyIfAnyUserCanBeDeletedFromTheAdminUsersPage()[pri:0, instance:testscript.AdminUsersTest@7d0b7e3c]" started-at="2025-01-25T22:09:36 IST" name="VerfiyIfAnyUserCanBeDeletedFromTheAdminUsersPage" description="test case to verfiy if a user can be deleted from admin users page" finished-at="2025-01-25T22:09:41 IST" duration-ms="4814" status="PASS">
          <reporter-output>
          </reporter-output>
        </test-method> <!-- VerfiyIfAnyUserCanBeDeletedFromTheAdminUsersPage -->
        <test-method is-config="true" signature="browserQuit(org.testng.ITestResult)[pri:0, instance:testscript.AdminUsersTest@7d0b7e3c]" started-at="2025-01-25T22:09:41 IST" name="browserQuit" finished-at="2025-01-25T22:09:41 IST" duration-ms="437" status="PASS">
          <params>
            <param index="0">
              <value>
                <![CDATA[[TestResult name=VerfiyIfAnyUserCanBeDeletedFromTheAdminUsersPage status=SUCCESS method=AdminUsersTest.VerfiyIfAnyUserCanBeDeletedFromTheAdminUsersPage()[pri:0, instance:testscript.AdminUsersTest@7d0b7e3c] output={null}]]]>
              </value>
            </param>
          </params>
          <reporter-output>
          </reporter-output>
        </test-method> <!-- browserQuit -->
        <test-method is-config="true" signature="initializebrowser(java.lang.String)[pri:0, instance:testscript.AdminUsersTest@7d0b7e3c]" started-at="2025-01-25T22:09:41 IST" name="initializebrowser" finished-at="2025-01-25T22:09:44 IST" duration-ms="2741" status="PASS">
          <params>
            <param index="0">
              <value>
                <![CDATA[chrome]]>
              </value>
            </param>
          </params>
          <reporter-output>
          </reporter-output>
        </test-method> <!-- initializebrowser -->
        <test-method signature="verfiyIfNewUserIsCreatedInTheAdminUsersPage()[pri:0, instance:testscript.AdminUsersTest@7d0b7e3c]" started-at="2025-01-25T22:09:44 IST" name="verfiyIfNewUserIsCreatedInTheAdminUsersPage" description="test case to verfiy if new user can be created in admin users page" finished-at="2025-01-25T22:09:50 IST" duration-ms="5624" status="PASS">
          <reporter-output>
          </reporter-output>
        </test-method> <!-- verfiyIfNewUserIsCreatedInTheAdminUsersPage -->
        <test-method is-config="true" signature="browserQuit(org.testng.ITestResult)[pri:0, instance:testscript.AdminUsersTest@7d0b7e3c]" started-at="2025-01-25T22:09:50 IST" name="browserQuit" finished-at="2025-01-25T22:09:50 IST" duration-ms="371" status="PASS">
          <params>
            <param index="0">
              <value>
                <![CDATA[[TestResult name=verfiyIfNewUserIsCreatedInTheAdminUsersPage status=SUCCESS method=AdminUsersTest.verfiyIfNewUserIsCreatedInTheAdminUsersPage()[pri:0, instance:testscript.AdminUsersTest@7d0b7e3c] output={null}]]]>
              </value>
            </param>
          </params>
          <reporter-output>
          </reporter-output>
        </test-method> <!-- browserQuit -->
      </class> <!-- testscript.AdminUsersTest -->
    </test> <!-- Test -->
  </suite> <!-- Suite -->
</testng-results>
