<?xml version="1.0" encoding="UTF-8"?>
<!-- Generated by org.testng.reporters.JUnitXMLReporter -->
<testsuite ignored="0" hostname="DESKTOP-4DS910L" failures="0" tests="3" name="chrometest" time="33.887" errors="0" timestamp="2025-01-24T21:59:35 IST">
  <testcase classname="testscript.AdminUsersTest" name="VerfiyIfAnyUserCanBeDeletedFromTheAdminUsersPage" time="4.769"/>
  <testcase classname="testscript.AdminUsersTest" name="verfiyIfNewUserIsCreatedInTheAdminUsersPage" time="5.651"/>
  <testcase classname="testscript.ManageNewsTest" name="verifyToCreateNewsInManageNewsPage" time="5.346"/>
</testsuite> <!-- chrometest -->
